2025-06-19 10:07:00,218 - xgboost_fertilizer - INFO - === Starting XGBoost Fertilizer Recommendation Pipeline ===
2025-06-19 10:07:01,266 - xgboost_fertilizer - INFO - System Information:
2025-06-19 10:07:01,266 - xgboost_fertilizer - INFO - CPU Cores: 16
2025-06-19 10:07:01,267 - xgboost_fertilizer - INFO - CPU Frequency: 1506.00 MHz
2025-06-19 10:07:01,267 - xgboost_fertilizer - INFO - CPU Usage: 15.90%
2025-06-19 10:07:01,267 - xgboost_fertilizer - INFO - Memory: 13.25GB / 15.68GB (84.50%)
2025-06-19 10:07:01,267 - xgboost_fertilizer - INFO - GPU Info: [
  {
    "id": 0,
    "name": "NVIDIA GeForce RTX 3050 Laptop GPU",
    "memory_total": 4096.0,
    "memory_used": 0.0,
    "load": 0.0
  }
]
2025-06-19 10:07:01,268 - xgboost_fertilizer - INFO - Loading data...
2025-06-19 10:07:01,696 - xgboost_fertilizer - INFO - Train data shape: (750000, 10)
2025-06-19 10:07:01,697 - xgboost_fertilizer - INFO - Test data shape: (250000, 9)
2025-06-19 10:07:01,697 - xgboost_fertilizer - INFO - Train columns: ['id', 'Temparature', 'Humidity', 'Moisture', 'Soil Type', 'Crop Type', 'Nitrogen', 'Potassium', 'Phosphorous', 'Fertilizer Name']
2025-06-19 10:07:01,697 - xgboost_fertilizer - INFO - Test columns: ['id', 'Temparature', 'Humidity', 'Moisture', 'Soil Type', 'Crop Type', 'Nitrogen', 'Potassium', 'Phosphorous']
2025-06-19 10:07:01,697 - xgboost_fertilizer - INFO - Data loaded in 0.43 seconds
2025-06-19 10:07:01,697 - xgboost_fertilizer - INFO - Preprocessing data...
2025-06-19 10:07:01,774 - xgboost_fertilizer - INFO - Missing values in train: 0
2025-06-19 10:07:01,786 - xgboost_fertilizer - INFO - Missing values in test: 0
2025-06-19 10:07:01,786 - xgboost_fertilizer - INFO - Train columns after strip: ['id', 'Temparature', 'Humidity', 'Moisture', 'Soil Type', 'Crop Type', 'Nitrogen', 'Potassium', 'Phosphorous', 'Fertilizer Name']
2025-06-19 10:07:01,786 - xgboost_fertilizer - INFO - Test columns after strip: ['id', 'Temparature', 'Humidity', 'Moisture', 'Soil Type', 'Crop Type', 'Nitrogen', 'Potassium', 'Phosphorous']
2025-06-19 10:07:01,787 - xgboost_fertilizer - INFO - Train columns after fixing: ['id', 'Temparature', 'Humidity', 'Moisture', 'Soil Type', 'Crop Type', 'Nitrogen', 'Potassium', 'Phosphorous', 'Fertilizer Name']
2025-06-19 10:07:01,787 - xgboost_fertilizer - INFO - Test columns after fixing: ['id', 'Temparature', 'Humidity', 'Moisture', 'Soil Type', 'Crop Type', 'Nitrogen', 'Potassium', 'Phosphorous']
2025-06-19 10:07:01,787 - xgboost_fertilizer - INFO - Categorical columns to encode: ['Soil Type']
2025-06-19 10:07:01,908 - xgboost_fertilizer - INFO - Features: ['Temparature', 'Humidity', 'Moisture', 'Soil Type', 'Crop Type', 'Nitrogen', 'Potassium', 'Phosphorous']
2025-06-19 10:07:01,990 - xgboost_fertilizer - INFO - Data preprocessed in 0.29 seconds
2025-06-19 10:07:01,990 - xgboost_fertilizer - INFO - Features used: ['Temparature', 'Humidity', 'Moisture', 'Soil Type', 'Crop Type', 'Nitrogen', 'Potassium', 'Phosphorous']
2025-06-19 10:07:01,990 - xgboost_fertilizer - INFO - Number of classes: 7
2025-06-19 10:07:01,997 - xgboost_fertilizer - INFO - Training XGBoost model...
2025-06-19 10:07:02,003 - xgboost_fertilizer - INFO - Number of classes: 7
2025-06-19 10:07:02,054 - xgboost_fertilizer - INFO - Using GPU for training: NVIDIA GeForce RTX 3050 Laptop GPU
2025-06-19 10:07:02,165 - xgboost_fertilizer - INFO - Training fold 1/5
