2025-06-19 10:09:35,812 - xgboost_fertilizer - INFO - === Starting XGBoost Fertilizer Recommendation Pipeline ===
2025-06-19 10:09:36,860 - xgboost_fertilizer - INFO - System Information:
2025-06-19 10:09:36,861 - xgboost_fertilizer - INFO - CPU Cores: 16
2025-06-19 10:09:36,861 - xgboost_fertilizer - INFO - CPU Frequency: 2300.00 MHz
2025-06-19 10:09:36,861 - xgboost_fertilizer - INFO - CPU Usage: 7.30%
2025-06-19 10:09:36,862 - xgboost_fertilizer - INFO - Memory: 12.68GB / 15.68GB (80.90%)
2025-06-19 10:09:36,862 - xgboost_fertilizer - INFO - GPU Info: [
  {
    "id": 0,
    "name": "NVIDIA GeForce RTX 3050 Laptop GPU",
    "memory_total": 4096.0,
    "memory_used": 0.0,
    "load": 0.0
  }
]
2025-06-19 10:09:36,871 - xgboost_fertilizer - INFO - Loading data...
2025-06-19 10:09:37,301 - xgboost_fertilizer - INFO - Train data shape: (750000, 10)
2025-06-19 10:09:37,301 - xgboost_fertilizer - INFO - Test data shape: (250000, 9)
2025-06-19 10:09:37,302 - xgboost_fertilizer - INFO - Train columns: ['id', 'Temparature', 'Humidity', 'Moisture', 'Soil Type', 'Crop Type', 'Nitrogen', 'Potassium', 'Phosphorous', 'Fertilizer Name']
2025-06-19 10:09:37,302 - xgboost_fertilizer - INFO - Test columns: ['id', 'Temparature', 'Humidity', 'Moisture', 'Soil Type', 'Crop Type', 'Nitrogen', 'Potassium', 'Phosphorous']
2025-06-19 10:09:37,302 - xgboost_fertilizer - INFO - Data loaded in 0.43 seconds
2025-06-19 10:09:37,302 - xgboost_fertilizer - INFO - Preprocessing data...
2025-06-19 10:09:37,378 - xgboost_fertilizer - INFO - Missing values in train: 0
2025-06-19 10:09:37,391 - xgboost_fertilizer - INFO - Missing values in test: 0
2025-06-19 10:09:37,391 - xgboost_fertilizer - INFO - Train columns after strip: ['id', 'Temparature', 'Humidity', 'Moisture', 'Soil Type', 'Crop Type', 'Nitrogen', 'Potassium', 'Phosphorous', 'Fertilizer Name']
2025-06-19 10:09:37,391 - xgboost_fertilizer - INFO - Test columns after strip: ['id', 'Temparature', 'Humidity', 'Moisture', 'Soil Type', 'Crop Type', 'Nitrogen', 'Potassium', 'Phosphorous']
2025-06-19 10:09:37,394 - xgboost_fertilizer - INFO - Train dtypes: id                  int64
Temparature         int64
Humidity            int64
Moisture            int64
Soil Type          object
Crop Type          object
Nitrogen            int64
Potassium           int64
Phosphorous         int64
Fertilizer Name    object
dtype: object
2025-06-19 10:09:37,394 - xgboost_fertilizer - INFO - Test dtypes: id              int64
Temparature     int64
Humidity        int64
Moisture        int64
Soil Type      object
Crop Type      object
Nitrogen        int64
Potassium       int64
Phosphorous     int64
dtype: object
2025-06-19 10:09:37,395 - xgboost_fertilizer - INFO - Categorical columns to encode: ['Soil Type', 'Crop Type']
2025-06-19 10:09:37,621 - xgboost_fertilizer - INFO - Features: ['Temparature', 'Humidity', 'Moisture', 'Soil Type', 'Crop Type', 'Nitrogen', 'Potassium', 'Phosphorous']
2025-06-19 10:09:37,622 - xgboost_fertilizer - INFO - X dtypes after encoding: Temparature    int64
Humidity       int64
Moisture       int64
Soil Type      int64
Crop Type      int64
Nitrogen       int64
Potassium      int64
Phosphorous    int64
dtype: object
2025-06-19 10:09:37,623 - xgboost_fertilizer - INFO - X_test dtypes after encoding: Temparature    int64
Humidity       int64
Moisture       int64
Soil Type      int64
Crop Type      int64
Nitrogen       int64
Potassium      int64
Phosphorous    int64
dtype: object
2025-06-19 10:09:37,701 - xgboost_fertilizer - INFO - Data preprocessed in 0.40 seconds
2025-06-19 10:09:37,702 - xgboost_fertilizer - INFO - Features used: ['Temparature', 'Humidity', 'Moisture', 'Soil Type', 'Crop Type', 'Nitrogen', 'Potassium', 'Phosphorous']
2025-06-19 10:09:37,702 - xgboost_fertilizer - INFO - Number of classes: 7
2025-06-19 10:09:37,707 - xgboost_fertilizer - INFO - Training XGBoost model...
2025-06-19 10:09:37,711 - xgboost_fertilizer - INFO - Number of classes: 7
2025-06-19 10:09:37,754 - xgboost_fertilizer - INFO - Using GPU for training: NVIDIA GeForce RTX 3050 Laptop GPU
2025-06-19 10:09:37,863 - xgboost_fertilizer - INFO - Training fold 1/5
2025-06-19 10:10:14,486 - xgboost_fertilizer - INFO - Fold 1 accuracy: 0.2017
2025-06-19 10:10:14,486 - xgboost_fertilizer - INFO - Fold 1 training time: 36.39 seconds
2025-06-19 10:10:14,492 - xgboost_fertilizer - INFO - Training fold 2/5
2025-06-19 10:10:54,583 - xgboost_fertilizer - INFO - Fold 2 accuracy: 0.2028
2025-06-19 10:10:54,584 - xgboost_fertilizer - INFO - Fold 2 training time: 39.99 seconds
2025-06-19 10:10:54,590 - xgboost_fertilizer - INFO - Training fold 3/5
2025-06-19 10:11:30,789 - xgboost_fertilizer - INFO - Fold 3 accuracy: 0.2033
2025-06-19 10:11:30,790 - xgboost_fertilizer - INFO - Fold 3 training time: 36.10 seconds
2025-06-19 10:11:30,796 - xgboost_fertilizer - INFO - Training fold 4/5
2025-06-19 10:12:04,472 - xgboost_fertilizer - INFO - Fold 4 accuracy: 0.2026
2025-06-19 10:12:04,472 - xgboost_fertilizer - INFO - Fold 4 training time: 33.58 seconds
2025-06-19 10:12:04,480 - xgboost_fertilizer - INFO - Training fold 5/5
2025-06-19 10:12:43,804 - xgboost_fertilizer - INFO - Fold 5 accuracy: 0.2029
2025-06-19 10:12:43,804 - xgboost_fertilizer - INFO - Fold 5 training time: 39.22 seconds
2025-06-19 10:12:43,839 - xgboost_fertilizer - INFO - Overall CV accuracy: 0.2027
2025-06-19 10:12:43,839 - xgboost_fertilizer - INFO - Total training time: 186.13 seconds
2025-06-19 10:12:43,850 - xgboost_fertilizer - INFO - Making predictions on test data...
2025-06-19 10:12:43,871 - xgboost_fertilizer - INFO - Predicting with model 1/5
2025-06-19 10:12:44,327 - xgboost_fertilizer - INFO - Predicting with model 2/5
2025-06-19 10:12:44,808 - xgboost_fertilizer - INFO - Predicting with model 3/5
2025-06-19 10:12:45,243 - xgboost_fertilizer - INFO - Predicting with model 4/5
2025-06-19 10:12:45,655 - xgboost_fertilizer - INFO - Predicting with model 5/5
2025-06-19 10:12:46,376 - xgboost_fertilizer - INFO - Predictions made in 2.53 seconds
2025-06-19 10:12:46,376 - xgboost_fertilizer - INFO - Submission saved to d:\kaggle_june\1_xgboost\output\1_xgboost_submission.csv and d:\kaggle_june\1_xgboost_submission.csv
2025-06-19 10:12:46,379 - xgboost_fertilizer - INFO - Generating visualizations...
